G75*
%MOIN*%
%OFA0B0*%
%FSLAX25Y25*%
%IPPOS*%
%LPD*%
%AMOC8*
5,1,8,0,0,1.08239X$1,22.5*
%
%ADD10C,0.00000*%
D10*
X0018780Y0021906D02*
X0247126Y0021906D01*
X0247126Y0021905D02*
X0247459Y0021909D01*
X0247792Y0021921D01*
X0248124Y0021941D01*
X0248456Y0021969D01*
X0248787Y0022005D01*
X0249117Y0022050D01*
X0249446Y0022102D01*
X0249774Y0022162D01*
X0250100Y0022230D01*
X0250424Y0022305D01*
X0250746Y0022389D01*
X0251066Y0022480D01*
X0251384Y0022579D01*
X0251700Y0022686D01*
X0252012Y0022800D01*
X0252322Y0022922D01*
X0252629Y0023052D01*
X0252933Y0023188D01*
X0253233Y0023332D01*
X0253530Y0023483D01*
X0253823Y0023642D01*
X0254112Y0023807D01*
X0254397Y0023979D01*
X0254678Y0024158D01*
X0254954Y0024344D01*
X0255226Y0024537D01*
X0255493Y0024736D01*
X0255755Y0024941D01*
X0256012Y0025153D01*
X0256264Y0025371D01*
X0256510Y0025594D01*
X0256751Y0025824D01*
X0256987Y0026060D01*
X0257217Y0026301D01*
X0257440Y0026547D01*
X0257658Y0026799D01*
X0257870Y0027056D01*
X0258075Y0027318D01*
X0258274Y0027585D01*
X0258467Y0027857D01*
X0258653Y0028133D01*
X0258832Y0028414D01*
X0259004Y0028699D01*
X0259169Y0028988D01*
X0259328Y0029281D01*
X0259479Y0029578D01*
X0259623Y0029878D01*
X0259759Y0030182D01*
X0259889Y0030489D01*
X0260011Y0030799D01*
X0260125Y0031111D01*
X0260232Y0031427D01*
X0260331Y0031745D01*
X0260422Y0032065D01*
X0260506Y0032387D01*
X0260581Y0032711D01*
X0260649Y0033037D01*
X0260709Y0033365D01*
X0260761Y0033694D01*
X0260806Y0034024D01*
X0260842Y0034355D01*
X0260870Y0034687D01*
X0260890Y0035019D01*
X0260902Y0035352D01*
X0260906Y0035685D01*
X0260906Y0126236D01*
X0260902Y0126569D01*
X0260890Y0126902D01*
X0260870Y0127234D01*
X0260842Y0127566D01*
X0260806Y0127897D01*
X0260761Y0128227D01*
X0260709Y0128556D01*
X0260649Y0128884D01*
X0260581Y0129210D01*
X0260506Y0129534D01*
X0260422Y0129856D01*
X0260331Y0130176D01*
X0260232Y0130494D01*
X0260125Y0130810D01*
X0260011Y0131122D01*
X0259889Y0131432D01*
X0259759Y0131739D01*
X0259623Y0132043D01*
X0259479Y0132343D01*
X0259328Y0132640D01*
X0259169Y0132933D01*
X0259004Y0133222D01*
X0258832Y0133507D01*
X0258653Y0133788D01*
X0258467Y0134064D01*
X0258274Y0134336D01*
X0258075Y0134603D01*
X0257870Y0134865D01*
X0257658Y0135122D01*
X0257440Y0135374D01*
X0257217Y0135620D01*
X0256987Y0135861D01*
X0256751Y0136097D01*
X0256510Y0136327D01*
X0256264Y0136550D01*
X0256012Y0136768D01*
X0255755Y0136980D01*
X0255493Y0137185D01*
X0255226Y0137384D01*
X0254954Y0137577D01*
X0254678Y0137763D01*
X0254397Y0137942D01*
X0254112Y0138114D01*
X0253823Y0138279D01*
X0253530Y0138438D01*
X0253233Y0138589D01*
X0252933Y0138733D01*
X0252629Y0138869D01*
X0252322Y0138999D01*
X0252012Y0139121D01*
X0251700Y0139235D01*
X0251384Y0139342D01*
X0251066Y0139441D01*
X0250746Y0139532D01*
X0250424Y0139616D01*
X0250100Y0139691D01*
X0249774Y0139759D01*
X0249446Y0139819D01*
X0249117Y0139871D01*
X0248787Y0139916D01*
X0248456Y0139952D01*
X0248124Y0139980D01*
X0247792Y0140000D01*
X0247459Y0140012D01*
X0247126Y0140016D01*
X0018780Y0140016D01*
X0018447Y0140012D01*
X0018114Y0140000D01*
X0017782Y0139980D01*
X0017450Y0139952D01*
X0017119Y0139916D01*
X0016789Y0139871D01*
X0016460Y0139819D01*
X0016132Y0139759D01*
X0015806Y0139691D01*
X0015482Y0139616D01*
X0015160Y0139532D01*
X0014840Y0139441D01*
X0014522Y0139342D01*
X0014206Y0139235D01*
X0013894Y0139121D01*
X0013584Y0138999D01*
X0013277Y0138869D01*
X0012973Y0138733D01*
X0012673Y0138589D01*
X0012376Y0138438D01*
X0012083Y0138279D01*
X0011794Y0138114D01*
X0011509Y0137942D01*
X0011228Y0137763D01*
X0010952Y0137577D01*
X0010680Y0137384D01*
X0010413Y0137185D01*
X0010151Y0136980D01*
X0009894Y0136768D01*
X0009642Y0136550D01*
X0009396Y0136327D01*
X0009155Y0136097D01*
X0008919Y0135861D01*
X0008689Y0135620D01*
X0008466Y0135374D01*
X0008248Y0135122D01*
X0008036Y0134865D01*
X0007831Y0134603D01*
X0007632Y0134336D01*
X0007439Y0134064D01*
X0007253Y0133788D01*
X0007074Y0133507D01*
X0006902Y0133222D01*
X0006737Y0132933D01*
X0006578Y0132640D01*
X0006427Y0132343D01*
X0006283Y0132043D01*
X0006147Y0131739D01*
X0006017Y0131432D01*
X0005895Y0131122D01*
X0005781Y0130810D01*
X0005674Y0130494D01*
X0005575Y0130176D01*
X0005484Y0129856D01*
X0005400Y0129534D01*
X0005325Y0129210D01*
X0005257Y0128884D01*
X0005197Y0128556D01*
X0005145Y0128227D01*
X0005100Y0127897D01*
X0005064Y0127566D01*
X0005036Y0127234D01*
X0005016Y0126902D01*
X0005004Y0126569D01*
X0005000Y0126236D01*
X0005000Y0035685D01*
X0005004Y0035352D01*
X0005016Y0035019D01*
X0005036Y0034687D01*
X0005064Y0034355D01*
X0005100Y0034024D01*
X0005145Y0033694D01*
X0005197Y0033365D01*
X0005257Y0033037D01*
X0005325Y0032711D01*
X0005400Y0032387D01*
X0005484Y0032065D01*
X0005575Y0031745D01*
X0005674Y0031427D01*
X0005781Y0031111D01*
X0005895Y0030799D01*
X0006017Y0030489D01*
X0006147Y0030182D01*
X0006283Y0029878D01*
X0006427Y0029578D01*
X0006578Y0029281D01*
X0006737Y0028988D01*
X0006902Y0028699D01*
X0007074Y0028414D01*
X0007253Y0028133D01*
X0007439Y0027857D01*
X0007632Y0027585D01*
X0007831Y0027318D01*
X0008036Y0027056D01*
X0008248Y0026799D01*
X0008466Y0026547D01*
X0008689Y0026301D01*
X0008919Y0026060D01*
X0009155Y0025824D01*
X0009396Y0025594D01*
X0009642Y0025371D01*
X0009894Y0025153D01*
X0010151Y0024941D01*
X0010413Y0024736D01*
X0010680Y0024537D01*
X0010952Y0024344D01*
X0011228Y0024158D01*
X0011509Y0023979D01*
X0011794Y0023807D01*
X0012083Y0023642D01*
X0012376Y0023483D01*
X0012673Y0023332D01*
X0012973Y0023188D01*
X0013277Y0023052D01*
X0013584Y0022922D01*
X0013894Y0022800D01*
X0014206Y0022686D01*
X0014522Y0022579D01*
X0014840Y0022480D01*
X0015160Y0022389D01*
X0015482Y0022305D01*
X0015806Y0022230D01*
X0016132Y0022162D01*
X0016460Y0022102D01*
X0016789Y0022050D01*
X0017119Y0022005D01*
X0017450Y0021969D01*
X0017782Y0021941D01*
X0018114Y0021921D01*
X0018447Y0021909D01*
X0018780Y0021905D01*
M02*
