G75*
G70*
%OFA0B0*%
%FSLAX25Y25*%
%IPPOS*%
%LPD*%
%AMOC8*
5,1,8,0,0,1.08239X$1,22.5*
%
%ADD790C,0.00000*%
X0000000Y0000000D02*
G75*
%LPD*%
D244*
X0000000Y0000000D02*
X0000000Y0393701D01*
X0500000Y0393701D01*
X0500000Y0000000D01*
X0000000Y0000000D01*
X0506000Y0000000D02*
G75*
%LPD*%
D244*
X0750094Y0015748D02*
X0750094Y0240157D01*
X0750089Y0240538D01*
X0750076Y0240918D01*
X0750053Y0241298D01*
X0750020Y0241677D01*
X0749979Y0242055D01*
X0749929Y0242432D01*
X0749869Y0242808D01*
X0749801Y0243183D01*
X0749723Y0243555D01*
X0749636Y0243926D01*
X0749541Y0244294D01*
X0749436Y0244660D01*
X0749323Y0245023D01*
X0749201Y0245384D01*
X0749071Y0245741D01*
X0748931Y0246095D01*
X0748784Y0246446D01*
X0748627Y0246793D01*
X0748463Y0247136D01*
X0748290Y0247475D01*
X0748109Y0247810D01*
X0747920Y0248141D01*
X0747723Y0248466D01*
X0747519Y0248787D01*
X0747306Y0249103D01*
X0747086Y0249413D01*
X0746859Y0249719D01*
X0746624Y0250018D01*
X0746382Y0250312D01*
X0746134Y0250600D01*
X0745878Y0250882D01*
X0745615Y0251157D01*
X0745346Y0251426D01*
X0745071Y0251689D01*
X0744789Y0251945D01*
X0744501Y0252193D01*
X0744207Y0252435D01*
X0743908Y0252670D01*
X0743602Y0252897D01*
X0743292Y0253117D01*
X0742976Y0253330D01*
X0742655Y0253534D01*
X0742330Y0253731D01*
X0741999Y0253920D01*
X0741664Y0254101D01*
X0741325Y0254274D01*
X0740982Y0254438D01*
X0740635Y0254595D01*
X0740284Y0254742D01*
X0739930Y0254882D01*
X0739573Y0255012D01*
X0739212Y0255134D01*
X0738849Y0255247D01*
X0738483Y0255352D01*
X0738115Y0255447D01*
X0737744Y0255534D01*
X0737372Y0255612D01*
X0736997Y0255680D01*
X0736621Y0255740D01*
X0736244Y0255790D01*
X0735866Y0255831D01*
X0735487Y0255864D01*
X0735107Y0255887D01*
X0734727Y0255900D01*
X0734346Y0255905D01*
X0734346Y0255906D02*
X0521748Y0255906D01*
X0521748Y0255905D02*
X0521367Y0255900D01*
X0520987Y0255887D01*
X0520607Y0255864D01*
X0520228Y0255831D01*
X0519850Y0255790D01*
X0519473Y0255740D01*
X0519097Y0255680D01*
X0518722Y0255612D01*
X0518350Y0255534D01*
X0517979Y0255447D01*
X0517611Y0255352D01*
X0517245Y0255247D01*
X0516882Y0255134D01*
X0516521Y0255012D01*
X0516164Y0254882D01*
X0515810Y0254742D01*
X0515459Y0254595D01*
X0515112Y0254438D01*
X0514769Y0254274D01*
X0514430Y0254101D01*
X0514095Y0253920D01*
X0513764Y0253731D01*
X0513439Y0253534D01*
X0513118Y0253330D01*
X0512802Y0253117D01*
X0512492Y0252897D01*
X0512186Y0252670D01*
X0511887Y0252435D01*
X0511593Y0252193D01*
X0511305Y0251945D01*
X0511023Y0251689D01*
X0510748Y0251426D01*
X0510479Y0251157D01*
X0510216Y0250882D01*
X0509960Y0250600D01*
X0509712Y0250312D01*
X0509470Y0250018D01*
X0509235Y0249719D01*
X0509008Y0249413D01*
X0508788Y0249103D01*
X0508575Y0248787D01*
X0508371Y0248466D01*
X0508174Y0248141D01*
X0507985Y0247810D01*
X0507804Y0247475D01*
X0507631Y0247136D01*
X0507467Y0246793D01*
X0507310Y0246446D01*
X0507163Y0246095D01*
X0507023Y0245741D01*
X0506893Y0245384D01*
X0506771Y0245023D01*
X0506658Y0244660D01*
X0506553Y0244294D01*
X0506458Y0243926D01*
X0506371Y0243555D01*
X0506293Y0243183D01*
X0506225Y0242808D01*
X0506165Y0242432D01*
X0506115Y0242055D01*
X0506074Y0241677D01*
X0506041Y0241298D01*
X0506018Y0240918D01*
X0506005Y0240538D01*
X0506000Y0240157D01*
X0506000Y0015748D01*
X0506005Y0015367D01*
X0506018Y0014987D01*
X0506041Y0014607D01*
X0506074Y0014228D01*
X0506115Y0013850D01*
X0506165Y0013473D01*
X0506225Y0013097D01*
X0506293Y0012722D01*
X0506371Y0012350D01*
X0506458Y0011979D01*
X0506553Y0011611D01*
X0506658Y0011245D01*
X0506771Y0010882D01*
X0506893Y0010521D01*
X0507023Y0010164D01*
X0507163Y0009810D01*
X0507310Y0009459D01*
X0507467Y0009112D01*
X0507631Y0008769D01*
X0507804Y0008430D01*
X0507985Y0008095D01*
X0508174Y0007764D01*
X0508371Y0007439D01*
X0508575Y0007118D01*
X0508788Y0006802D01*
X0509008Y0006492D01*
X0509235Y0006186D01*
X0509470Y0005887D01*
X0509712Y0005593D01*
X0509960Y0005305D01*
X0510216Y0005023D01*
X0510479Y0004748D01*
X0510748Y0004479D01*
X0511023Y0004216D01*
X0511305Y0003960D01*
X0511593Y0003712D01*
X0511887Y0003470D01*
X0512186Y0003235D01*
X0512492Y0003008D01*
X0512802Y0002788D01*
X0513118Y0002575D01*
X0513439Y0002371D01*
X0513764Y0002174D01*
X0514095Y0001985D01*
X0514430Y0001804D01*
X0514769Y0001631D01*
X0515112Y0001467D01*
X0515459Y0001310D01*
X0515810Y0001163D01*
X0516164Y0001023D01*
X0516521Y0000893D01*
X0516882Y0000771D01*
X0517245Y0000658D01*
X0517611Y0000553D01*
X0517979Y0000458D01*
X0518350Y0000371D01*
X0518722Y0000293D01*
X0519097Y0000225D01*
X0519473Y0000165D01*
X0519850Y0000115D01*
X0520228Y0000074D01*
X0520607Y0000041D01*
X0520987Y0000018D01*
X0521367Y0000005D01*
X0521748Y0000000D01*
X0734346Y0000000D01*
X0734727Y0000005D01*
X0735107Y0000018D01*
X0735487Y0000041D01*
X0735866Y0000074D01*
X0736244Y0000115D01*
X0736621Y0000165D01*
X0736997Y0000225D01*
X0737372Y0000293D01*
X0737744Y0000371D01*
X0738115Y0000458D01*
X0738483Y0000553D01*
X0738849Y0000658D01*
X0739212Y0000771D01*
X0739573Y0000893D01*
X0739930Y0001023D01*
X0740284Y0001163D01*
X0740635Y0001310D01*
X0740982Y0001467D01*
X0741325Y0001631D01*
X0741664Y0001804D01*
X0741999Y0001985D01*
X0742330Y0002174D01*
X0742655Y0002371D01*
X0742976Y0002575D01*
X0743292Y0002788D01*
X0743602Y0003008D01*
X0743908Y0003235D01*
X0744207Y0003470D01*
X0744501Y0003712D01*
X0744789Y0003960D01*
X0745071Y0004216D01*
X0745346Y0004479D01*
X0745615Y0004748D01*
X0745878Y0005023D01*
X0746134Y0005305D01*
X0746382Y0005593D01*
X0746624Y0005887D01*
X0746859Y0006186D01*
X0747086Y0006492D01*
X0747306Y0006802D01*
X0747519Y0007118D01*
X0747723Y0007439D01*
X0747920Y0007764D01*
X0748109Y0008095D01*
X0748290Y0008430D01*
X0748463Y0008769D01*
X0748627Y0009112D01*
X0748784Y0009459D01*
X0748931Y0009810D01*
X0749071Y0010164D01*
X0749201Y0010521D01*
X0749323Y0010882D01*
X0749436Y0011245D01*
X0749541Y0011611D01*
X0749636Y0011979D01*
X0749723Y0012350D01*
X0749801Y0012722D01*
X0749869Y0013097D01*
X0749929Y0013473D01*
X0749979Y0013850D01*
X0750020Y0014228D01*
X0750053Y0014607D01*
X0750076Y0014987D01*
X0750089Y0015367D01*
X0750094Y0015748D01*
X0506000Y0261906D02*
G75*
%LPD*%
D244*
X0506000Y0261906D02*
X0506000Y0376079D01*
X0588677Y0376079D01*
X0588677Y0261906D01*
X0506000Y0261906D01*
X0594677Y0261906D02*
G75*
%LPD*%
D244*
X0594677Y0261906D02*
X0594677Y0376079D01*
X0677354Y0376079D01*
X0677354Y0261906D01*
X0594677Y0261906D01*
X0683354Y0261906D02*
G75*
%LPD*%
D244*
X0683354Y0261906D02*
X0683354Y0317024D01*
X0754220Y0317024D01*
X0754220Y0261906D01*
X0683354Y0261906D01*
X0683354Y0323024D02*
G75*
%LPD*%
D244*
X0683354Y0323024D02*
X0683354Y0378142D01*
X0754220Y0378142D01*
X0754220Y0323024D01*
X0683354Y0323024D01*
M02*
